Circuit: * C:\Users\juanc\OneDrive - UTN.BA\UTN\circuitos_2\TPS\TS4\spice\active-super.asc

Ignoring empty pin current: Ix(u1:1)
Ignoring empty pin current: Ix(u1:2)
Ignoring empty pin current: Ix(u4:1)
Ignoring empty pin current: Ix(u4:2)
Ignoring empty pin current: Ix(u2:1)
Ignoring empty pin current: Ix(u2:2)
Ignoring empty pin current: Ix(u3:1)
Ignoring empty pin current: Ix(u3:2)
Ignoring empty pin current: Ix(u5:1)
Ignoring empty pin current: Ix(u5:2)
Ignoring empty pin current: Ix(u6:1)
Ignoring empty pin current: Ix(u6:2)

Date: Thu Jun 16 17:46:11 2022
Total elapsed time: 0.030 seconds.

tnom = 27
temp = 27
method = trap
totiter = 0
traniter = 0
tranpoints = 0
accept = 0
rejected = 0
matrix size = 17
fillins = 19
solver = Normal

